{
  "stats": {
    "suites": 1,
    "tests": 3,
    "passes": 3,
    "pending": 0,
    "failures": 0,
    "start": "2021-12-06T19:41:48.690Z",
    "end": "2021-12-06T19:41:48.705Z",
    "duration": 15,
    "testsRegistered": 3,
    "passPercent": 100,
    "pendingPercent": 0,
    "other": 0,
    "hasOther": false,
    "skipped": 0,
    "hasSkipped": false
  },
  "results": [
    {
      "uuid": "820022e7-bcc1-401e-96d5-55b413ff3063",
      "title": "",
      "fullFile": "",
      "file": "",
      "beforeHooks": [],
      "afterHooks": [],
      "tests": [],
      "suites": [
        {
          "uuid": "4790d3f2-c24f-40a7-a3d4-630fc0c1298c",
          "title": "isNumberEven positive scenarios",
          "fullFile": "D:\\JS\\UnitTestingProject\\test\\specs\\isNumberEve.spec.js",
          "file": "\\test\\specs\\isNumberEve.spec.js",
          "beforeHooks": [
            {
              "title": "\"before each\" hook in \"isNumberEven positive scenarios\"",
              "fullTitle": "isNumberEven positive scenarios \"before each\" hook in \"isNumberEven positive scenarios\"",
              "timedOut": false,
              "duration": 0,
              "state": null,
              "speed": null,
              "pass": false,
              "fail": false,
              "pending": false,
              "context": null,
              "code": "validator = new NumbersValidator();",
              "err": {},
              "uuid": "64ff9268-84ee-41d0-b5bf-1d096173af29",
              "parentUUID": "4790d3f2-c24f-40a7-a3d4-630fc0c1298c",
              "isHook": true,
              "skipped": false
            }
          ],
          "afterHooks": [
            {
              "title": "\"after each\" hook in \"isNumberEven positive scenarios\"",
              "fullTitle": "isNumberEven positive scenarios \"after each\" hook in \"isNumberEven positive scenarios\"",
              "timedOut": false,
              "duration": 0,
              "state": null,
              "speed": null,
              "pass": false,
              "fail": false,
              "pending": false,
              "context": null,
              "code": "validator = null;",
              "err": {},
              "uuid": "6989e260-afca-48fe-9f47-923762bea790",
              "parentUUID": "4790d3f2-c24f-40a7-a3d4-630fc0c1298c",
              "isHook": true,
              "skipped": false
            }
          ],
          "tests": [
            {
              "title": "should return true if number is even",
              "fullTitle": "isNumberEven positive scenarios should return true if number is even",
              "timedOut": false,
              "duration": 1,
              "state": "passed",
              "speed": "fast",
              "pass": true,
              "fail": false,
              "pending": false,
              "context": null,
              "code": "expect(validator.isNumberEven(4)).to.be.equal(true);",
              "err": {},
              "uuid": "391b0f2e-2863-4789-aec8-e39b7c94f1ac",
              "parentUUID": "4790d3f2-c24f-40a7-a3d4-630fc0c1298c",
              "isHook": false,
              "skipped": false
            },
            {
              "title": "should return false if number is odd",
              "fullTitle": "isNumberEven positive scenarios should return false if number is odd",
              "timedOut": false,
              "duration": 0,
              "state": "passed",
              "speed": "fast",
              "pass": true,
              "fail": false,
              "pending": false,
              "context": null,
              "code": "expect(validator.isNumberEven(7)).to.be.equal(false);",
              "err": {},
              "uuid": "90ac2864-3216-4a91-9eb1-bc6d9e41e21f",
              "parentUUID": "4790d3f2-c24f-40a7-a3d4-630fc0c1298c",
              "isHook": false,
              "skipped": false
            },
            {
              "title": "chai test",
              "fullTitle": "isNumberEven positive scenarios chai test",
              "timedOut": false,
              "duration": 0,
              "state": "passed",
              "speed": "fast",
              "pass": true,
              "fail": false,
              "pending": false,
              "context": null,
              "code": "expect(validator.isNumberEven(5)).to.be.equal(false);",
              "err": {},
              "uuid": "7484f0ce-f5b8-40f0-8170-d89f2e495190",
              "parentUUID": "4790d3f2-c24f-40a7-a3d4-630fc0c1298c",
              "isHook": false,
              "skipped": false
            }
          ],
          "suites": [],
          "passes": [
            "391b0f2e-2863-4789-aec8-e39b7c94f1ac",
            "90ac2864-3216-4a91-9eb1-bc6d9e41e21f",
            "7484f0ce-f5b8-40f0-8170-d89f2e495190"
          ],
          "failures": [],
          "pending": [],
          "skipped": [],
          "duration": 1,
          "root": false,
          "rootEmpty": false,
          "_timeout": 2000
        }
      ],
      "passes": [],
      "failures": [],
      "pending": [],
      "skipped": [],
      "duration": 0,
      "root": true,
      "rootEmpty": true,
      "_timeout": 2000
    }
  ],
  "meta": {
    "mocha": {
      "version": "9.1.3"
    },
    "mochawesome": {
      "options": {
        "quiet": false,
        "reportFilename": "mochawesome",
        "saveHtml": true,
        "saveJson": true,
        "consoleReporter": "spec",
        "useInlineDiffs": false,
        "code": true
      },
      "version": "7.0.1"
    },
    "marge": {
      "options": null,
      "version": "6.0.1"
    }
  }
}